2022-02-12 10:13:59,644 - getting what row I need.
2022-02-12 10:13:59,644 - getting row num I need
2022-02-12 10:13:59,644 - Getting Data
2022-02-12 10:13:59,645 - Calls Offered: 22343
2022-02-12 10:13:59,645 - Abandoned after 30s: 0.0305
2022-02-12 10:13:59,645 - FCR: 0.86
2022-02-12 10:13:59,645 - DSAT: 0.18
2022-02-12 10:13:59,645 - CSAT: 0.744
2022-02-12 10:16:55,314 - getting row num I need
2022-02-12 10:16:55,314 - Getting Data
2022-02-12 10:16:55,314 - Calls Offered: 22343 
2022-02-12 10:16:55,314 - Abandoned after 30s : 0.0305 : 3.05%
2022-02-12 10:16:55,314 - FCR : 0.86 : 86.0%
2022-02-12 10:16:55,314 - DSAT : 0.18 : 18.0%
2022-02-12 10:16:55,314 - CSAT : 0.744 : 74.4%
2022-02-12 10:18:16,170 - getting row num I need
2022-02-12 10:18:16,170 - Getting Data
2022-02-12 10:18:16,170 - Calls Offered: 22343 
2022-02-12 10:18:16,170 - Abandoned after 30s : 0.0305 : 3.05%
2022-02-12 10:18:16,170 - FCR : 0.86 : 86.0%
2022-02-12 10:18:16,170 - DSAT : 0.18 : 18.0%
2022-02-12 10:18:16,170 - CSAT : 0.744 : 74.4%
2022-02-12 10:18:39,379 - getting row num I need
2022-02-12 10:18:39,379 - Data for march 18
2022-02-12 10:18:39,379 - Getting Data
2022-02-12 10:18:39,379 - Calls Offered: 22343 
2022-02-12 10:18:39,379 - Abandoned after 30s : 0.0305 : 3.05%
2022-02-12 10:18:39,379 - FCR : 0.86 : 86.0%
2022-02-12 10:18:39,379 - DSAT : 0.18 : 18.0%
2022-02-12 10:18:39,379 - CSAT : 0.744 : 74.4%
2022-02-12 10:20:26,967 - getting row num I need
2022-02-12 10:20:26,967 - Getting Data
2022-02-12 10:20:26,967 - Data for: 2018-03-18 00:00:00
2022-02-12 10:20:26,967 - Calls Offered: 22343 
2022-02-12 10:20:26,968 - Abandoned after 30s : 0.0305 : 3.05%
2022-02-12 10:20:26,968 - FCR : 0.86 : 86.0%
2022-02-12 10:20:26,968 - DSAT : 0.18 : 18.0%
2022-02-12 10:20:26,968 - CSAT : 0.744 : 74.4%
2022-02-12 10:20:50,422 - getting row num I need
2022-02-12 10:20:50,422 - Getting Data
2022-02-12 10:21:05,017 - getting row num I need
2022-02-12 10:21:05,018 - Getting Data
2022-02-12 10:21:05,018 - Data for: 2018-03-18
2022-02-12 10:21:05,018 - Calls Offered: 22343 
2022-02-12 10:21:05,018 - Abandoned after 30s : 0.0305 : 3.05%
2022-02-12 10:21:05,018 - FCR : 0.86 : 86.0%
2022-02-12 10:21:05,018 - DSAT : 0.18 : 18.0%
2022-02-12 10:21:05,018 - CSAT : 0.744 : 74.4%
2022-02-12 10:21:30,398 - getting row num I need
2022-02-12 10:21:30,398 - Getting Data
2022-02-12 10:21:30,398 - 
Data for 2018-03-18: /n
2022-02-12 10:21:30,399 - Calls Offered: 22343 
2022-02-12 10:21:30,399 - Abandoned after 30s : 0.0305 : 3.05%
2022-02-12 10:21:30,399 - FCR : 0.86 : 86.0%
2022-02-12 10:21:30,399 - DSAT : 0.18 : 18.0%
2022-02-12 10:21:30,399 - CSAT : 0.744 : 74.4%
2022-02-12 10:21:43,643 - getting row num I need
2022-02-12 10:21:43,643 - Getting Data
2022-02-12 10:21:43,643 - 
Data for 2018-03-18: 

2022-02-12 10:21:43,643 - Calls Offered: 22343 
2022-02-12 10:21:43,643 - Abandoned after 30s : 0.0305 : 3.05%
2022-02-12 10:21:43,643 - FCR : 0.86 : 86.0%
2022-02-12 10:21:43,643 - DSAT : 0.18 : 18.0%
2022-02-12 10:21:43,643 - CSAT : 0.744 : 74.4%
2022-02-12 10:22:01,636 - getting row num I need
2022-02-12 10:22:01,636 - Getting Data
2022-02-12 10:22:01,637 - Data for 2018-03-18: 

2022-02-12 10:22:01,637 - Calls Offered: 22343 
2022-02-12 10:22:01,637 - Abandoned after 30s : 0.0305 : 3.05%
2022-02-12 10:22:01,637 - FCR : 0.86 : 86.0%
2022-02-12 10:22:01,637 - DSAT : 0.18 : 18.0%
2022-02-12 10:22:01,637 - CSAT : 0.744 : 74.4%
